<?xml version="1.0" encoding="UTF-8"?>
<!-- Generated by org.testng.reporters.JUnitReportReporter -->
<testsuite skipped="0" hostname="DESKTOP-NAJ854M" name="Com.SMB.TestCase.ManagerFeature.AddingNewCustomerTest" tests="1" failures="0" timestamp="18 Mar 2020 11:55:45 GMT" time="1.940" errors="0">
  <testcase name="AddCustomerTest" time="1.940" classname="Com.SMB.TestCase.ManagerFeature.AddingNewCustomerTest"/>
</testsuite> <!-- Com.SMB.TestCase.ManagerFeature.AddingNewCustomerTest -->
