<?xml version="1.0" encoding="UTF-8"?>
<!-- Generated by org.testng.reporters.JUnitReportReporter -->
<testsuite skipped="0" hostname="RED_LINE" name="Com.SMB.TestCase.ManagerFeature.AddingNewCustomerTest" tests="1" failures="0" timestamp="2020-05-14T23:46:44 EDT" time="1.746" errors="0">
  <testcase name="AddCustomerTest" time="1.746" classname="Com.SMB.TestCase.ManagerFeature.AddingNewCustomerTest"/>
  <system-out/>
</testsuite> <!-- Com.SMB.TestCase.ManagerFeature.AddingNewCustomerTest -->
