<?xml version="1.0" encoding="UTF-8"?>
<!-- Generated by org.testng.reporters.JUnitReportReporter -->
<testsuite skipped="0" hostname="DESKTOP-NAJ854M" name="Com.SMB.TestCase.ManagerFeature.ManagerFeature" tests="1" failures="0" timestamp="10 Mar 2020 12:26:25 GMT" time="0.548" errors="0">
  <testcase name="LaunchingUrl" time="0.548" classname="Com.SMB.TestCase.ManagerFeature.ManagerFeature"/>
</testsuite> <!-- Com.SMB.TestCase.ManagerFeature.ManagerFeature -->
